c:\users\elixejo\desktop\_active\main-schoolwork-repositories\2019s2-assignments\2019s2-ai\ai\release\vc142.pdb
c:\users\elixejo\desktop\_active\main-schoolwork-repositories\2019s2-assignments\2019s2-ai\ai\release\state.obj
c:\users\elixejo\desktop\_active\main-schoolwork-repositories\2019s2-assignments\2019s2-ai\ai\release\shader.obj
c:\users\elixejo\desktop\_active\main-schoolwork-repositories\2019s2-assignments\2019s2-ai\ai\release\scenetictactoev2.obj
c:\users\elixejo\desktop\_active\main-schoolwork-repositories\2019s2-assignments\2019s2-ai\ai\release\scenetictactoe.obj
c:\users\elixejo\desktop\_active\main-schoolwork-repositories\2019s2-assignments\2019s2-ai\ai\release\scenequeen.obj
c:\users\elixejo\desktop\_active\main-schoolwork-repositories\2019s2-assignments\2019s2-ai\ai\release\scenemovementv2.obj
c:\users\elixejo\desktop\_active\main-schoolwork-repositories\2019s2-assignments\2019s2-ai\ai\release\scenemovement.obj
c:\users\elixejo\desktop\_active\main-schoolwork-repositories\2019s2-assignments\2019s2-ai\ai\release\scenemaze.obj
c:\users\elixejo\desktop\_active\main-schoolwork-repositories\2019s2-assignments\2019s2-ai\ai\release\sceneknight.obj
c:\users\elixejo\desktop\_active\main-schoolwork-repositories\2019s2-assignments\2019s2-ai\ai\release\scenefish.obj
c:\users\elixejo\desktop\_active\main-schoolwork-repositories\2019s2-assignments\2019s2-ai\ai\release\scenebase.obj
c:\users\elixejo\desktop\_active\main-schoolwork-repositories\2019s2-assignments\2019s2-ai\ai\release\meshbuilder.obj
c:\users\elixejo\desktop\_active\main-schoolwork-repositories\2019s2-assignments\2019s2-ai\ai\release\mesh.obj
c:\users\elixejo\desktop\_active\main-schoolwork-repositories\2019s2-assignments\2019s2-ai\ai\release\maze.obj
c:\users\elixejo\desktop\_active\main-schoolwork-repositories\2019s2-assignments\2019s2-ai\ai\release\main.obj
c:\users\elixejo\desktop\_active\main-schoolwork-repositories\2019s2-assignments\2019s2-ai\ai\release\loadtga.obj
c:\users\elixejo\desktop\_active\main-schoolwork-repositories\2019s2-assignments\2019s2-ai\ai\release\loadobj.obj
c:\users\elixejo\desktop\_active\main-schoolwork-repositories\2019s2-assignments\2019s2-ai\ai\release\gameobject.obj
c:\users\elixejo\desktop\_active\main-schoolwork-repositories\2019s2-assignments\2019s2-ai\ai\release\camera.obj
c:\users\elixejo\desktop\_active\main-schoolwork-repositories\2019s2-assignments\2019s2-ai\ai\release\application.obj
c:\users\elixejo\desktop\_active\main-schoolwork-repositories\2019s2-assignments\2019s2-ai\ai\release\utility.obj
c:\users\elixejo\desktop\_active\main-schoolwork-repositories\2019s2-assignments\2019s2-ai\ai\release\statesfish.obj
c:\users\elixejo\desktop\_active\main-schoolwork-repositories\2019s2-assignments\2019s2-ai\ai\release\statemachine.obj
c:\users\elixejo\desktop\_active\main-schoolwork-repositories\2019s2-assignments\2019s2-ai\ai\release\scenereversi.obj
c:\users\elixejo\desktop\_active\main-schoolwork-repositories\2019s2-assignments\2019s2-ai\ai\release\sceneflappybird.obj
c:\users\elixejo\desktop\_active\main-schoolwork-repositories\2019s2-assignments\2019s2-ai\ai\release\scenegraph.obj
c:\users\elixejo\desktop\_active\main-schoolwork-repositories\2019s2-assignments\2019s2-ai\ai\release\graph.obj
c:\users\elixejo\desktop\_active\main-schoolwork-repositories\2019s2-assignments\2019s2-ai\ai\release\ai.tlog\cl.command.1.tlog
c:\users\elixejo\desktop\_active\main-schoolwork-repositories\2019s2-assignments\2019s2-ai\ai\release\ai.tlog\cl.read.1.tlog
c:\users\elixejo\desktop\_active\main-schoolwork-repositories\2019s2-assignments\2019s2-ai\ai\release\ai.tlog\cl.write.1.tlog
c:\users\elixejo\desktop\_active\main-schoolwork-repositories\2019s2-assignments\2019s2-ai\ai\release\ai.tlog\link.command.1.tlog
c:\users\elixejo\desktop\_active\main-schoolwork-repositories\2019s2-assignments\2019s2-ai\ai\release\ai.tlog\link.read.1.tlog
c:\users\elixejo\desktop\_active\main-schoolwork-repositories\2019s2-assignments\2019s2-ai\ai\release\ai.tlog\link.write.1.tlog
