  Application.cpp
  Camera.cpp
  GameObject.cpp
  LoadOBJ.cpp
  LoadTGA.cpp
  main.cpp
  Mesh.cpp
  MeshBuilder.cpp
  PostOffice.cpp
  SceneBase.cpp
  SceneData.cpp
  SceneMovement.cpp
  SceneTicTacToe.cpp
C:\Users\ELIXEJO\Desktop\_ACTIVE\main-schoolwork-repositories\2019s2-assignments\2019S2-AIASSIGNMENT\AI\Source\SceneMovement.cpp(170,22): warning C4018: '<': signed/unsigned mismatch
C:\Users\ELIXEJO\Desktop\_ACTIVE\main-schoolwork-repositories\2019s2-assignments\2019S2-AIASSIGNMENT\AI\Source\SceneTicTacToe.cpp(110,13): warning C4244: 'initializing': conversion from 'float' to 'int', possible loss of data
  shader.cpp
  State.cpp
  StateMachine.cpp
  StatesArmoredSoldier.cpp
  StatesEnemyAircraft.cpp
  StatesFish.cpp
  StatesFishFood.cpp
  Generating Code...
  Compiling...
  StatesHarvester.cpp
  StatesRepairBot.cpp
  StatesShark.cpp
  StatesZergling.cpp
  Utility.cpp
  Generating Code...
C:\Users\ELIXEJO\Desktop\_ACTIVE\main-schoolwork-repositories\2019s2-assignments\2019S2-AIASSIGNMENT\AI\Source\SceneTicTacToe.cpp(111,13): warning C4244: 'initializing': conversion from 'float' to 'int', possible loss of data
LINK : warning LNK4098: defaultlib 'MSVCRT' conflicts with use of other libs; use /NODEFAULTLIB:library
  AI.vcxproj -> C:\Users\ELIXEJO\Desktop\_ACTIVE\main-schoolwork-repositories\2019s2-assignments\2019S2-AIASSIGNMENT\Debug\AI.exe
