  Application.cpp
  Camera.cpp
C:\Users\ELIXEJO\Desktop\_ACTIVE\main-schoolwork-repositories\2019s2-assignments\2019S2-AI\AI\Source\Application.h(5,10): fatal error C1083: Cannot open include file: 'timer.h': No such file or directory
  GameObject.cpp
C:\Users\ELIXEJO\Desktop\_ACTIVE\main-schoolwork-repositories\2019s2-assignments\2019S2-AI\AI\Source\Camera.h(4,10): fatal error C1083: Cannot open include file: 'Vector3.h': No such file or directory
  LoadOBJ.cpp
C:\Users\ELIXEJO\Desktop\_ACTIVE\main-schoolwork-repositories\2019s2-assignments\2019S2-AI\AI\Source\GameObject.h(4,10): fatal error C1083: Cannot open include file: 'Vector3.h': No such file or directory
  LoadTGA.cpp
C:\Users\ELIXEJO\Desktop\_ACTIVE\main-schoolwork-repositories\2019s2-assignments\2019S2-AI\AI\Source\Vertex.h(4,10): fatal error C1083: Cannot open include file: 'Vector3.h': No such file or directory
  main.cpp
C:\Users\ELIXEJO\Desktop\_ACTIVE\main-schoolwork-repositories\2019s2-assignments\2019S2-AI\AI\Source\LoadTGA.cpp(4,10): fatal error C1083: Cannot open include file: 'GL\glew.h': No such file or directory
  Mesh.cpp
C:\Users\ELIXEJO\Desktop\_ACTIVE\main-schoolwork-repositories\2019s2-assignments\2019S2-AI\AI\Source\Application.h(5,10): fatal error C1083: Cannot open include file: 'timer.h': No such file or directory
  MeshBuilder.cpp
C:\Users\ELIXEJO\Desktop\_ACTIVE\main-schoolwork-repositories\2019s2-assignments\2019S2-AI\AI\Source\Mesh.cpp(3,10): fatal error C1083: Cannot open include file: 'GL\glew.h': No such file or directory
  SceneBase.cpp
C:\Users\ELIXEJO\Desktop\_ACTIVE\main-schoolwork-repositories\2019s2-assignments\2019S2-AI\AI\Source\Vertex.h(4,10): fatal error C1083: Cannot open include file: 'Vector3.h': No such file or directory
  SceneMovement.cpp
C:\Users\ELIXEJO\Desktop\_ACTIVE\main-schoolwork-repositories\2019s2-assignments\2019S2-AI\AI\Source\SceneBase.h(5,10): fatal error C1083: Cannot open include file: 'Mtx44.h': No such file or directory
  SceneTicTacToe.cpp
C:\Users\ELIXEJO\Desktop\_ACTIVE\main-schoolwork-repositories\2019s2-assignments\2019S2-AI\AI\Source\GameObject.h(4,10): fatal error C1083: Cannot open include file: 'Vector3.h': No such file or directory
  shader.cpp
C:\Users\ELIXEJO\Desktop\_ACTIVE\main-schoolwork-repositories\2019s2-assignments\2019S2-AI\AI\Source\GameObject.h(4,10): fatal error C1083: Cannot open include file: 'Vector3.h': No such file or directory
  Utility.cpp
C:\Users\ELIXEJO\Desktop\_ACTIVE\main-schoolwork-repositories\2019s2-assignments\2019S2-AI\AI\Source\shader.cpp(12,10): fatal error C1083: Cannot open include file: 'GL/glew.h': No such file or directory
  Generating Code...
C:\Users\ELIXEJO\Desktop\_ACTIVE\main-schoolwork-repositories\2019s2-assignments\2019S2-AI\AI\Source\Utility.h(4,10): fatal error C1083: Cannot open include file: 'Mtx44.h': No such file or directory
