c:\users\elixejo\desktop\_active\main-schoolwork-repositories\2019s2-assignments\2019s2-ai\ai\debug\vc142.pdb
c:\users\elixejo\desktop\_active\main-schoolwork-repositories\2019s2-assignments\2019s2-ai\ai\debug\vc142.idb
c:\users\elixejo\desktop\_active\main-schoolwork-repositories\2019s2-assignments\2019s2-ai\ai\debug\utility.obj
c:\users\elixejo\desktop\_active\main-schoolwork-repositories\2019s2-assignments\2019s2-ai\ai\debug\shader.obj
c:\users\elixejo\desktop\_active\main-schoolwork-repositories\2019s2-assignments\2019s2-ai\ai\debug\scenetictactoe.obj
c:\users\elixejo\desktop\_active\main-schoolwork-repositories\2019s2-assignments\2019s2-ai\ai\debug\scenemovement.obj
c:\users\elixejo\desktop\_active\main-schoolwork-repositories\2019s2-assignments\2019s2-ai\ai\debug\scenebase.obj
c:\users\elixejo\desktop\_active\main-schoolwork-repositories\2019s2-assignments\2019s2-ai\ai\debug\meshbuilder.obj
c:\users\elixejo\desktop\_active\main-schoolwork-repositories\2019s2-assignments\2019s2-ai\ai\debug\mesh.obj
c:\users\elixejo\desktop\_active\main-schoolwork-repositories\2019s2-assignments\2019s2-ai\ai\debug\main.obj
c:\users\elixejo\desktop\_active\main-schoolwork-repositories\2019s2-assignments\2019s2-ai\ai\debug\loadtga.obj
c:\users\elixejo\desktop\_active\main-schoolwork-repositories\2019s2-assignments\2019s2-ai\ai\debug\loadobj.obj
c:\users\elixejo\desktop\_active\main-schoolwork-repositories\2019s2-assignments\2019s2-ai\ai\debug\gameobject.obj
c:\users\elixejo\desktop\_active\main-schoolwork-repositories\2019s2-assignments\2019s2-ai\ai\debug\camera.obj
c:\users\elixejo\desktop\_active\main-schoolwork-repositories\2019s2-assignments\2019s2-ai\ai\debug\application.obj
c:\users\elixejo\desktop\_active\main-schoolwork-repositories\2019s2-assignments\2019s2-ai\debug\ai.exe
c:\users\elixejo\desktop\_active\main-schoolwork-repositories\2019s2-assignments\2019s2-ai\debug\ai.ilk
c:\users\elixejo\desktop\_active\main-schoolwork-repositories\2019s2-assignments\2019s2-ai\debug\ai.pdb
c:\users\elixejo\desktop\_active\main-schoolwork-repositories\2019s2-assignments\2019s2-ai\ai\debug\scenetictactoe.new.obj.enc
c:\users\elixejo\desktop\_active\main-schoolwork-repositories\2019s2-assignments\2019s2-ai\ai\debug\ai.tlog\cl.command.1.tlog
c:\users\elixejo\desktop\_active\main-schoolwork-repositories\2019s2-assignments\2019s2-ai\ai\debug\ai.tlog\cl.read.1.tlog
c:\users\elixejo\desktop\_active\main-schoolwork-repositories\2019s2-assignments\2019s2-ai\ai\debug\ai.tlog\cl.write.1.tlog
c:\users\elixejo\desktop\_active\main-schoolwork-repositories\2019s2-assignments\2019s2-ai\ai\debug\ai.tlog\link.command.1.tlog
c:\users\elixejo\desktop\_active\main-schoolwork-repositories\2019s2-assignments\2019s2-ai\ai\debug\ai.tlog\link.read.1.tlog
c:\users\elixejo\desktop\_active\main-schoolwork-repositories\2019s2-assignments\2019s2-ai\ai\debug\ai.tlog\link.write.1.tlog
